  main.cpp
c:\users\arkad\documents\deadshot files\c++ programs\sfml\projects\doolde jump automation\doolde jump automation\init.h(77): warning C4305: 'argument': truncation from 'double' to 'T'
          with
          [
              T=float
          ]
c:\users\arkad\documents\deadshot files\c++ programs\sfml\projects\doolde jump automation\doolde jump automation\init.h(81): warning C4305: 'argument': truncation from 'double' to 'T'
          with
          [
              T=float
          ]
c:\users\arkad\documents\deadshot files\c++ programs\sfml\projects\doolde jump automation\doolde jump automation\init.h(107): warning C4305: 'argument': truncation from 'double' to 'T'
          with
          [
              T=float
          ]
c:\users\arkad\documents\deadshot files\c++ programs\sfml\projects\doolde jump automation\doolde jump automation\init.h(108): warning C4305: 'argument': truncation from 'double' to 'T'
          with
          [
              T=float
          ]
c:\users\arkad\documents\deadshot files\c++ programs\sfml\projects\doolde jump automation\doolde jump automation\init.h(113): warning C4305: 'argument': truncation from 'double' to 'T'
          with
          [
              T=float
          ]
c:\users\arkad\documents\deadshot files\c++ programs\sfml\projects\doolde jump automation\doolde jump automation\init.h(117): warning C4305: 'argument': truncation from 'double' to 'T'
          with
          [
              T=float
          ]
c:\users\arkad\documents\deadshot files\c++ programs\sfml\projects\doolde jump automation\doolde jump automation\init.h(122): warning C4305: 'argument': truncation from 'double' to 'T'
          with
          [
              T=float
          ]
c:\users\arkad\documents\deadshot files\c++ programs\sfml\projects\doolde jump automation\doolde jump automation\init.h(130): warning C4305: 'argument': truncation from 'double' to 'T'
          with
          [
              T=float
          ]
c:\users\arkad\documents\deadshot files\c++ programs\sfml\projects\doolde jump automation\doolde jump automation\init.h(131): warning C4305: 'argument': truncation from 'double' to 'T'
          with
          [
              T=float
          ]
c:\users\arkad\documents\deadshot files\c++ programs\sfml\projects\doolde jump automation\doolde jump automation\init.h(163): warning C4305: 'argument': truncation from 'double' to 'T'
          with
          [
              T=float
          ]
c:\users\arkad\documents\deadshot files\c++ programs\sfml\projects\doolde jump automation\doolde jump automation\init.h(175): warning C4244: 'argument': conversion from 'int' to 'float', possible loss of data
c:\users\arkad\documents\deadshot files\c++ programs\sfml\projects\doolde jump automation\doolde jump automation\init.h(180): warning C4244: '=': conversion from 'float' to 'int', possible loss of data
c:\users\arkad\documents\deadshot files\c++ programs\sfml\projects\doolde jump automation\doolde jump automation\init.h(184): warning C4244: 'argument': conversion from 'int' to 'float', possible loss of data
c:\users\arkad\documents\deadshot files\c++ programs\sfml\projects\doolde jump automation\doolde jump automation\updates.h(150): warning C4244: 'argument': conversion from 'int' to 'float', possible loss of data
c:\users\arkad\documents\deadshot files\c++ programs\sfml\projects\doolde jump automation\doolde jump automation\updates.h(193): warning C4244: 'argument': conversion from 'double' to 'float', possible loss of data
c:\users\arkad\documents\deadshot files\c++ programs\sfml\projects\doolde jump automation\doolde jump automation\updates.h(256): warning C4244: 'initializing': conversion from 'T' to 'int', possible loss of data
          with
          [
              T=float
          ]
c:\users\arkad\documents\deadshot files\c++ programs\sfml\projects\doolde jump automation\doolde jump automation\updates.h(258): warning C4244: 'argument': conversion from 'int' to 'float', possible loss of data
c:\users\arkad\documents\deadshot files\c++ programs\sfml\projects\doolde jump automation\doolde jump automation\main.cpp(9): warning C4244: 'argument': conversion from 'time_t' to 'unsigned int', possible loss of data
c:\users\arkad\documents\deadshot files\c++ programs\sfml\projects\doolde jump automation\doolde jump automation\main.cpp(44): warning C4244: '=': conversion from 'T' to 'float', possible loss of data
          with
          [
              T=int
          ]
c:\users\arkad\documents\deadshot files\c++ programs\sfml\projects\doolde jump automation\doolde jump automation\main.cpp(45): warning C4244: '=': conversion from 'T' to 'float', possible loss of data
          with
          [
              T=int
          ]
  Generating code
  2 of 244 functions ( 0.8%) were compiled, the rest were copied from previous compilation.
    0 functions were new in current compilation
    0 functions had inline decision re-evaluated but remain unchanged
  Finished generating code
  Doolde Jump Automation.vcxproj -> C:\Users\arkad\Documents\DEADSHOT FILES\C++ Programs\SFML\Projects\Doolde Jump Automation\Release\Doolde Jump Automation.exe
