  main.cpp
c:\users\arkad\documents\deadshot files\c++ programs\sfml\projects\doolde jump automation\doolde jump automation\init.h(88): warning C4305: 'argument': truncation from 'double' to 'T'
          with
          [
              T=float
          ]
c:\users\arkad\documents\deadshot files\c++ programs\sfml\projects\doolde jump automation\doolde jump automation\init.h(92): warning C4305: 'argument': truncation from 'double' to 'T'
          with
          [
              T=float
          ]
c:\users\arkad\documents\deadshot files\c++ programs\sfml\projects\doolde jump automation\doolde jump automation\init.h(118): warning C4305: 'argument': truncation from 'double' to 'T'
          with
          [
              T=float
          ]
c:\users\arkad\documents\deadshot files\c++ programs\sfml\projects\doolde jump automation\doolde jump automation\init.h(119): warning C4305: 'argument': truncation from 'double' to 'T'
          with
          [
              T=float
          ]
c:\users\arkad\documents\deadshot files\c++ programs\sfml\projects\doolde jump automation\doolde jump automation\init.h(124): warning C4305: 'argument': truncation from 'double' to 'T'
          with
          [
              T=float
          ]
c:\users\arkad\documents\deadshot files\c++ programs\sfml\projects\doolde jump automation\doolde jump automation\init.h(128): warning C4305: 'argument': truncation from 'double' to 'T'
          with
          [
              T=float
          ]
c:\users\arkad\documents\deadshot files\c++ programs\sfml\projects\doolde jump automation\doolde jump automation\init.h(133): warning C4305: 'argument': truncation from 'double' to 'T'
          with
          [
              T=float
          ]
c:\users\arkad\documents\deadshot files\c++ programs\sfml\projects\doolde jump automation\doolde jump automation\init.h(141): warning C4305: 'argument': truncation from 'double' to 'T'
          with
          [
              T=float
          ]
c:\users\arkad\documents\deadshot files\c++ programs\sfml\projects\doolde jump automation\doolde jump automation\init.h(142): warning C4305: 'argument': truncation from 'double' to 'T'
          with
          [
              T=float
          ]
c:\users\arkad\documents\deadshot files\c++ programs\sfml\projects\doolde jump automation\doolde jump automation\init.h(148): warning C4305: 'argument': truncation from 'double' to 'T'
          with
          [
              T=float
          ]
c:\users\arkad\documents\deadshot files\c++ programs\sfml\projects\doolde jump automation\doolde jump automation\init.h(181): warning C4305: 'argument': truncation from 'double' to 'T'
          with
          [
              T=float
          ]
c:\users\arkad\documents\deadshot files\c++ programs\sfml\projects\doolde jump automation\doolde jump automation\init.h(193): warning C4244: 'argument': conversion from 'int' to 'float', possible loss of data
c:\users\arkad\documents\deadshot files\c++ programs\sfml\projects\doolde jump automation\doolde jump automation\init.h(198): warning C4244: '=': conversion from 'float' to 'int', possible loss of data
c:\users\arkad\documents\deadshot files\c++ programs\sfml\projects\doolde jump automation\doolde jump automation\init.h(202): warning C4244: 'argument': conversion from 'int' to 'float', possible loss of data
c:\users\arkad\documents\deadshot files\c++ programs\sfml\projects\doolde jump automation\doolde jump automation\updates.h(147): warning C4244: 'argument': conversion from 'int' to 'float', possible loss of data
c:\users\arkad\documents\deadshot files\c++ programs\sfml\projects\doolde jump automation\doolde jump automation\updates.h(191): warning C4244: 'argument': conversion from 'double' to 'float', possible loss of data
c:\users\arkad\documents\deadshot files\c++ programs\sfml\projects\doolde jump automation\doolde jump automation\updates.h(278): warning C4244: 'initializing': conversion from 'T' to 'int', possible loss of data
          with
          [
              T=float
          ]
c:\users\arkad\documents\deadshot files\c++ programs\sfml\projects\doolde jump automation\doolde jump automation\updates.h(280): warning C4244: 'argument': conversion from 'int' to 'float', possible loss of data
c:\users\arkad\documents\deadshot files\c++ programs\sfml\projects\doolde jump automation\doolde jump automation\main.cpp(9): warning C4244: 'argument': conversion from 'time_t' to 'unsigned int', possible loss of data
c:\users\arkad\documents\deadshot files\c++ programs\sfml\projects\doolde jump automation\doolde jump automation\main.cpp(44): warning C4244: '=': conversion from 'T' to 'float', possible loss of data
          with
          [
              T=int
          ]
c:\users\arkad\documents\deadshot files\c++ programs\sfml\projects\doolde jump automation\doolde jump automation\main.cpp(45): warning C4244: '=': conversion from 'T' to 'float', possible loss of data
          with
          [
              T=int
          ]
  Doolde Jump Automation.vcxproj -> C:\Users\arkad\Documents\DEADSHOT FILES\C++ Programs\SFML\Projects\Doolde Jump Automation\Debug\Doolde Jump Automation.exe
